<?xml version="1.0" encoding="UTF-8"?>
<testsuite xmlns:xsi="http://www.w3.org/2001/XMLSchema-instance" xsi:noNamespaceSchemaLocation="https://maven.apache.org/surefire/maven-surefire-plugin/xsd/surefire-test-report.xsd" name="ru.sfedu.buildingconstruction.api.DataProviderXMLTest" time="19.086" tests="103" errors="0" skipped="0" failures="0">
  <properties>
    <property name="java.specification.version" value="17"/>
    <property name="sun.jnu.encoding" value="UTF-8"/>
    <property name="java.class.path" value="/home/maksim/NewStudies/AIS/building/buildingConstruction/target/test-classes:/home/maksim/NewStudies/AIS/building/buildingConstruction/target/classes:/home/maksim/.m2/repository/log4j/log4j/1.2.17/log4j-1.2.17.jar:/home/maksim/.m2/repository/org/apache/logging/log4j/log4j-core/2.17.1/log4j-core-2.17.1.jar:/home/maksim/.m2/repository/org/apache/logging/log4j/log4j-api/2.17.1/log4j-api-2.17.1.jar:/home/maksim/.m2/repository/javax/xml/bind/jaxb-api/2.3.1/jaxb-api-2.3.1.jar:/home/maksim/.m2/repository/javax/activation/javax.activation-api/1.2.0/javax.activation-api-1.2.0.jar:/home/maksim/.m2/repository/com/sun/xml/bind/jaxb-impl/2.3.2/jaxb-impl-2.3.2.jar:/home/maksim/.m2/repository/com/sun/istack/istack-commons-runtime/4.1.1/istack-commons-runtime-4.1.1.jar:/home/maksim/.m2/repository/org/junit/jupiter/junit-jupiter-api/5.6.0/junit-jupiter-api-5.6.0.jar:/home/maksim/.m2/repository/org/apiguardian/apiguardian-api/1.1.0/apiguardian-api-1.1.0.jar:/home/maksim/.m2/repository/org/opentest4j/opentest4j/1.2.0/opentest4j-1.2.0.jar:/home/maksim/.m2/repository/org/junit/platform/junit-platform-commons/1.6.0/junit-platform-commons-1.6.0.jar:/home/maksim/.m2/repository/org/junit/jupiter/junit-jupiter-params/5.6.0/junit-jupiter-params-5.6.0.jar:/home/maksim/.m2/repository/org/junit/jupiter/junit-jupiter-engine/5.6.0/junit-jupiter-engine-5.6.0.jar:/home/maksim/.m2/repository/org/junit/platform/junit-platform-engine/1.6.0/junit-platform-engine-1.6.0.jar:/home/maksim/.m2/repository/com/fasterxml/jackson/dataformat/jackson-dataformat-yaml/2.16.0/jackson-dataformat-yaml-2.16.0.jar:/home/maksim/.m2/repository/com/fasterxml/jackson/core/jackson-databind/2.16.0/jackson-databind-2.16.0.jar:/home/maksim/.m2/repository/org/yaml/snakeyaml/2.2/snakeyaml-2.2.jar:/home/maksim/.m2/repository/com/fasterxml/jackson/core/jackson-core/2.16.0/jackson-core-2.16.0.jar:/home/maksim/.m2/repository/com/opencsv/opencsv/5.7.1/opencsv-5.7.1.jar:/home/maksim/.m2/repository/org/apache/commons/commons-lang3/3.12.0/commons-lang3-3.12.0.jar:/home/maksim/.m2/repository/org/apache/commons/commons-text/1.10.0/commons-text-1.10.0.jar:/home/maksim/.m2/repository/commons-beanutils/commons-beanutils/1.9.4/commons-beanutils-1.9.4.jar:/home/maksim/.m2/repository/commons-logging/commons-logging/1.2/commons-logging-1.2.jar:/home/maksim/.m2/repository/commons-collections/commons-collections/3.2.2/commons-collections-3.2.2.jar:/home/maksim/.m2/repository/org/apache/commons/commons-collections4/4.4/commons-collections4-4.4.jar:/home/maksim/.m2/repository/org/postgresql/postgresql/42.6.0/postgresql-42.6.0.jar:/home/maksim/.m2/repository/org/checkerframework/checker-qual/3.31.0/checker-qual-3.31.0.jar:/home/maksim/.m2/repository/org/mongodb/mongo-java-driver/3.12.14/mongo-java-driver-3.12.14.jar:/home/maksim/.m2/repository/com/fasterxml/jackson/datatype/jackson-datatype-jsr310/2.16.0/jackson-datatype-jsr310-2.16.0.jar:/home/maksim/.m2/repository/com/fasterxml/jackson/core/jackson-annotations/2.16.0/jackson-annotations-2.16.0.jar:/home/maksim/.m2/repository/com/fasterxml/jackson/datatype/jackson-datatype-jdk8/2.16.0/jackson-datatype-jdk8-2.16.0.jar:/home/maksim/.m2/repository/org/apache/maven/plugins/maven-javadoc-plugin/3.6.3/maven-javadoc-plugin-3.6.3.jar:/home/maksim/.m2/repository/javax/inject/javax.inject/1/javax.inject-1.jar:/home/maksim/.m2/repository/org/apache/maven/reporting/maven-reporting-api/3.1.1/maven-reporting-api-3.1.1.jar:/home/maksim/.m2/repository/org/apache/maven/maven-archiver/3.6.1/maven-archiver-3.6.1.jar:/home/maksim/.m2/repository/org/codehaus/plexus/plexus-interpolation/1.26/plexus-interpolation-1.26.jar:/home/maksim/.m2/repository/org/apache/maven/shared/maven-invoker/3.2.0/maven-invoker-3.2.0.jar:/home/maksim/.m2/repository/org/apache/maven/shared/maven-shared-utils/3.4.2/maven-shared-utils-3.4.2.jar:/home/maksim/.m2/repository/org/slf4j/slf4j-api/1.7.36/slf4j-api-1.7.36.jar:/home/maksim/.m2/repository/commons-io/commons-io/2.11.0/commons-io-2.11.0.jar:/home/maksim/.m2/repository/org/apache/maven/shared/maven-common-artifact-filters/3.2.0/maven-common-artifact-filters-3.2.0.jar:/home/maksim/.m2/repository/org/apache/maven/maven-artifact/3.1.1/maven-artifact-3.1.1.jar:/home/maksim/.m2/repository/org/apache/maven/maven-model/3.1.1/maven-model-3.1.1.jar:/home/maksim/.m2/repository/org/apache/maven/maven-core/3.1.1/maven-core-3.1.1.jar:/home/maksim/.m2/repository/org/apache/maven/maven-settings/3.1.1/maven-settings-3.1.1.jar:/home/maksim/.m2/repository/org/apache/maven/maven-settings-builder/3.1.1/maven-settings-builder-3.1.1.jar:/home/maksim/.m2/repository/org/apache/maven/maven-repository-metadata/3.1.1/maven-repository-metadata-3.1.1.jar:/home/maksim/.m2/repository/org/apache/maven/maven-model-builder/3.1.1/maven-model-builder-3.1.1.jar:/home/maksim/.m2/repository/org/apache/maven/maven-aether-provider/3.1.1/maven-aether-provider-3.1.1.jar:/home/maksim/.m2/repository/org/eclipse/aether/aether-spi/0.9.0.M2/aether-spi-0.9.0.M2.jar:/home/maksim/.m2/repository/org/eclipse/aether/aether-impl/0.9.0.M2/aether-impl-0.9.0.M2.jar:/home/maksim/.m2/repository/org/codehaus/plexus/plexus-classworlds/2.5.1/plexus-classworlds-2.5.1.jar:/home/maksim/.m2/repository/org/sonatype/plexus/plexus-sec-dispatcher/1.3/plexus-sec-dispatcher-1.3.jar:/home/maksim/.m2/repository/org/sonatype/plexus/plexus-cipher/1.4/plexus-cipher-1.4.jar:/home/maksim/.m2/repository/org/apache/maven/maven-plugin-api/3.1.1/maven-plugin-api-3.1.1.jar:/home/maksim/.m2/repository/org/eclipse/aether/aether-api/0.9.0.M2/aether-api-0.9.0.M2.jar:/home/maksim/.m2/repository/org/eclipse/aether/aether-util/0.9.0.M2/aether-util-0.9.0.M2.jar:/home/maksim/.m2/repository/org/eclipse/sisu/org.eclipse.sisu.plexus/0.0.0.M5/org.eclipse.sisu.plexus-0.0.0.M5.jar:/home/maksim/.m2/repository/javax/enterprise/cdi-api/1.0/cdi-api-1.0.jar:/home/maksim/.m2/repository/javax/annotation/jsr250-api/1.0/jsr250-api-1.0.jar:/home/maksim/.m2/repository/com/google/guava/guava/10.0.1/guava-10.0.1.jar:/home/maksim/.m2/repository/com/google/code/findbugs/jsr305/1.3.9/jsr305-1.3.9.jar:/home/maksim/.m2/repository/org/sonatype/sisu/sisu-guice/3.1.0/sisu-guice-3.1.0-no_aop.jar:/home/maksim/.m2/repository/aopalliance/aopalliance/1.0/aopalliance-1.0.jar:/home/maksim/.m2/repository/org/eclipse/sisu/org.eclipse.sisu.inject/0.0.0.M5/org.eclipse.sisu.inject-0.0.0.M5.jar:/home/maksim/.m2/repository/org/apache/maven/doxia/doxia-sink-api/1.11.1/doxia-sink-api-1.11.1.jar:/home/maksim/.m2/repository/org/apache/maven/doxia/doxia-logging-api/1.11.1/doxia-logging-api-1.11.1.jar:/home/maksim/.m2/repository/org/apache/maven/doxia/doxia-site-renderer/1.11.1/doxia-site-renderer-1.11.1.jar:/home/maksim/.m2/repository/org/apache/maven/doxia/doxia-core/1.11.1/doxia-core-1.11.1.jar:/home/maksim/.m2/repository/org/apache/maven/doxia/doxia-decoration-model/1.11.1/doxia-decoration-model-1.11.1.jar:/home/maksim/.m2/repository/org/apache/maven/doxia/doxia-skin-model/1.11.1/doxia-skin-model-1.11.1.jar:/home/maksim/.m2/repository/org/apache/maven/doxia/doxia-module-xhtml/1.11.1/doxia-module-xhtml-1.11.1.jar:/home/maksim/.m2/repository/org/apache/maven/doxia/doxia-module-xhtml5/1.11.1/doxia-module-xhtml5-1.11.1.jar:/home/maksim/.m2/repository/org/codehaus/plexus/plexus-component-annotations/2.0.0/plexus-component-annotations-2.0.0.jar:/home/maksim/.m2/repository/org/codehaus/plexus/plexus-i18n/1.0-beta-10/plexus-i18n-1.0-beta-10.jar:/home/maksim/.m2/repository/org/codehaus/plexus/plexus-container-default/1.0-alpha-30/plexus-container-default-1.0-alpha-30.jar:/home/maksim/.m2/repository/junit/junit/3.8.1/junit-3.8.1.jar:/home/maksim/.m2/repository/org/codehaus/plexus/plexus-velocity/1.2/plexus-velocity-1.2.jar:/home/maksim/.m2/repository/org/apache/velocity/velocity/1.7/velocity-1.7.jar:/home/maksim/.m2/repository/commons-lang/commons-lang/2.4/commons-lang-2.4.jar:/home/maksim/.m2/repository/org/apache/maven/wagon/wagon-provider-api/2.4/wagon-provider-api-2.4.jar:/home/maksim/.m2/repository/org/apache/httpcomponents/httpclient/4.5.14/httpclient-4.5.14.jar:/home/maksim/.m2/repository/commons-codec/commons-codec/1.11/commons-codec-1.11.jar:/home/maksim/.m2/repository/org/apache/httpcomponents/httpcore/4.4.16/httpcore-4.4.16.jar:/home/maksim/.m2/repository/com/thoughtworks/qdox/qdox/2.0.3/qdox-2.0.3.jar:/home/maksim/.m2/repository/org/codehaus/plexus/plexus-java/1.2.0/plexus-java-1.2.0.jar:/home/maksim/.m2/repository/org/ow2/asm/asm/9.6/asm-9.6.jar:/home/maksim/.m2/repository/org/codehaus/plexus/plexus-utils/4.0.0/plexus-utils-4.0.0.jar:/home/maksim/.m2/repository/org/codehaus/plexus/plexus-xml/3.0.0/plexus-xml-3.0.0.jar:/home/maksim/.m2/repository/org/codehaus/plexus/plexus-io/3.4.1/plexus-io-3.4.1.jar:/home/maksim/.m2/repository/org/codehaus/plexus/plexus-archiver/4.9.0/plexus-archiver-4.9.0.jar:/home/maksim/.m2/repository/org/apache/commons/commons-compress/1.24.0/commons-compress-1.24.0.jar:/home/maksim/.m2/repository/org/iq80/snappy/snappy/0.4/snappy-0.4.jar:/home/maksim/.m2/repository/org/tukaani/xz/1.9/xz-1.9.jar:/home/maksim/.m2/repository/com/github/luben/zstd-jni/1.5.5-10/zstd-jni-1.5.5-10.jar:/home/maksim/.m2/repository/org/codehaus/plexus/plexus-interactivity-api/1.1/plexus-interactivity-api-1.1.jar:"/>
    <property name="java.vm.vendor" value="Private Build"/>
    <property name="sun.arch.data.model" value="64"/>
    <property name="java.vendor.url" value="Unknown"/>
    <property name="os.name" value="Linux"/>
    <property name="java.vm.specification.version" value="17"/>
    <property name="sun.java.launcher" value="SUN_STANDARD"/>
    <property name="user.country" value="RU"/>
    <property name="sun.boot.library.path" value="/usr/lib/jvm/java-17-openjdk-amd64/lib"/>
    <property name="sun.java.command" value="/home/maksim/NewStudies/AIS/building/buildingConstruction/target/surefire/surefirebooter10777171286402903947.jar /home/maksim/NewStudies/AIS/building/buildingConstruction/target/surefire 2024-03-13T18-32-15_721-jvmRun1 surefire15544298959835762229tmp surefire_05459787149558610682tmp"/>
    <property name="jdk.debug" value="release"/>
    <property name="surefire.test.class.path" value="/home/maksim/NewStudies/AIS/building/buildingConstruction/target/test-classes:/home/maksim/NewStudies/AIS/building/buildingConstruction/target/classes:/home/maksim/.m2/repository/log4j/log4j/1.2.17/log4j-1.2.17.jar:/home/maksim/.m2/repository/org/apache/logging/log4j/log4j-core/2.17.1/log4j-core-2.17.1.jar:/home/maksim/.m2/repository/org/apache/logging/log4j/log4j-api/2.17.1/log4j-api-2.17.1.jar:/home/maksim/.m2/repository/javax/xml/bind/jaxb-api/2.3.1/jaxb-api-2.3.1.jar:/home/maksim/.m2/repository/javax/activation/javax.activation-api/1.2.0/javax.activation-api-1.2.0.jar:/home/maksim/.m2/repository/com/sun/xml/bind/jaxb-impl/2.3.2/jaxb-impl-2.3.2.jar:/home/maksim/.m2/repository/com/sun/istack/istack-commons-runtime/4.1.1/istack-commons-runtime-4.1.1.jar:/home/maksim/.m2/repository/org/junit/jupiter/junit-jupiter-api/5.6.0/junit-jupiter-api-5.6.0.jar:/home/maksim/.m2/repository/org/apiguardian/apiguardian-api/1.1.0/apiguardian-api-1.1.0.jar:/home/maksim/.m2/repository/org/opentest4j/opentest4j/1.2.0/opentest4j-1.2.0.jar:/home/maksim/.m2/repository/org/junit/platform/junit-platform-commons/1.6.0/junit-platform-commons-1.6.0.jar:/home/maksim/.m2/repository/org/junit/jupiter/junit-jupiter-params/5.6.0/junit-jupiter-params-5.6.0.jar:/home/maksim/.m2/repository/org/junit/jupiter/junit-jupiter-engine/5.6.0/junit-jupiter-engine-5.6.0.jar:/home/maksim/.m2/repository/org/junit/platform/junit-platform-engine/1.6.0/junit-platform-engine-1.6.0.jar:/home/maksim/.m2/repository/com/fasterxml/jackson/dataformat/jackson-dataformat-yaml/2.16.0/jackson-dataformat-yaml-2.16.0.jar:/home/maksim/.m2/repository/com/fasterxml/jackson/core/jackson-databind/2.16.0/jackson-databind-2.16.0.jar:/home/maksim/.m2/repository/org/yaml/snakeyaml/2.2/snakeyaml-2.2.jar:/home/maksim/.m2/repository/com/fasterxml/jackson/core/jackson-core/2.16.0/jackson-core-2.16.0.jar:/home/maksim/.m2/repository/com/opencsv/opencsv/5.7.1/opencsv-5.7.1.jar:/home/maksim/.m2/repository/org/apache/commons/commons-lang3/3.12.0/commons-lang3-3.12.0.jar:/home/maksim/.m2/repository/org/apache/commons/commons-text/1.10.0/commons-text-1.10.0.jar:/home/maksim/.m2/repository/commons-beanutils/commons-beanutils/1.9.4/commons-beanutils-1.9.4.jar:/home/maksim/.m2/repository/commons-logging/commons-logging/1.2/commons-logging-1.2.jar:/home/maksim/.m2/repository/commons-collections/commons-collections/3.2.2/commons-collections-3.2.2.jar:/home/maksim/.m2/repository/org/apache/commons/commons-collections4/4.4/commons-collections4-4.4.jar:/home/maksim/.m2/repository/org/postgresql/postgresql/42.6.0/postgresql-42.6.0.jar:/home/maksim/.m2/repository/org/checkerframework/checker-qual/3.31.0/checker-qual-3.31.0.jar:/home/maksim/.m2/repository/org/mongodb/mongo-java-driver/3.12.14/mongo-java-driver-3.12.14.jar:/home/maksim/.m2/repository/com/fasterxml/jackson/datatype/jackson-datatype-jsr310/2.16.0/jackson-datatype-jsr310-2.16.0.jar:/home/maksim/.m2/repository/com/fasterxml/jackson/core/jackson-annotations/2.16.0/jackson-annotations-2.16.0.jar:/home/maksim/.m2/repository/com/fasterxml/jackson/datatype/jackson-datatype-jdk8/2.16.0/jackson-datatype-jdk8-2.16.0.jar:/home/maksim/.m2/repository/org/apache/maven/plugins/maven-javadoc-plugin/3.6.3/maven-javadoc-plugin-3.6.3.jar:/home/maksim/.m2/repository/javax/inject/javax.inject/1/javax.inject-1.jar:/home/maksim/.m2/repository/org/apache/maven/reporting/maven-reporting-api/3.1.1/maven-reporting-api-3.1.1.jar:/home/maksim/.m2/repository/org/apache/maven/maven-archiver/3.6.1/maven-archiver-3.6.1.jar:/home/maksim/.m2/repository/org/codehaus/plexus/plexus-interpolation/1.26/plexus-interpolation-1.26.jar:/home/maksim/.m2/repository/org/apache/maven/shared/maven-invoker/3.2.0/maven-invoker-3.2.0.jar:/home/maksim/.m2/repository/org/apache/maven/shared/maven-shared-utils/3.4.2/maven-shared-utils-3.4.2.jar:/home/maksim/.m2/repository/org/slf4j/slf4j-api/1.7.36/slf4j-api-1.7.36.jar:/home/maksim/.m2/repository/commons-io/commons-io/2.11.0/commons-io-2.11.0.jar:/home/maksim/.m2/repository/org/apache/maven/shared/maven-common-artifact-filters/3.2.0/maven-common-artifact-filters-3.2.0.jar:/home/maksim/.m2/repository/org/apache/maven/maven-artifact/3.1.1/maven-artifact-3.1.1.jar:/home/maksim/.m2/repository/org/apache/maven/maven-model/3.1.1/maven-model-3.1.1.jar:/home/maksim/.m2/repository/org/apache/maven/maven-core/3.1.1/maven-core-3.1.1.jar:/home/maksim/.m2/repository/org/apache/maven/maven-settings/3.1.1/maven-settings-3.1.1.jar:/home/maksim/.m2/repository/org/apache/maven/maven-settings-builder/3.1.1/maven-settings-builder-3.1.1.jar:/home/maksim/.m2/repository/org/apache/maven/maven-repository-metadata/3.1.1/maven-repository-metadata-3.1.1.jar:/home/maksim/.m2/repository/org/apache/maven/maven-model-builder/3.1.1/maven-model-builder-3.1.1.jar:/home/maksim/.m2/repository/org/apache/maven/maven-aether-provider/3.1.1/maven-aether-provider-3.1.1.jar:/home/maksim/.m2/repository/org/eclipse/aether/aether-spi/0.9.0.M2/aether-spi-0.9.0.M2.jar:/home/maksim/.m2/repository/org/eclipse/aether/aether-impl/0.9.0.M2/aether-impl-0.9.0.M2.jar:/home/maksim/.m2/repository/org/codehaus/plexus/plexus-classworlds/2.5.1/plexus-classworlds-2.5.1.jar:/home/maksim/.m2/repository/org/sonatype/plexus/plexus-sec-dispatcher/1.3/plexus-sec-dispatcher-1.3.jar:/home/maksim/.m2/repository/org/sonatype/plexus/plexus-cipher/1.4/plexus-cipher-1.4.jar:/home/maksim/.m2/repository/org/apache/maven/maven-plugin-api/3.1.1/maven-plugin-api-3.1.1.jar:/home/maksim/.m2/repository/org/eclipse/aether/aether-api/0.9.0.M2/aether-api-0.9.0.M2.jar:/home/maksim/.m2/repository/org/eclipse/aether/aether-util/0.9.0.M2/aether-util-0.9.0.M2.jar:/home/maksim/.m2/repository/org/eclipse/sisu/org.eclipse.sisu.plexus/0.0.0.M5/org.eclipse.sisu.plexus-0.0.0.M5.jar:/home/maksim/.m2/repository/javax/enterprise/cdi-api/1.0/cdi-api-1.0.jar:/home/maksim/.m2/repository/javax/annotation/jsr250-api/1.0/jsr250-api-1.0.jar:/home/maksim/.m2/repository/com/google/guava/guava/10.0.1/guava-10.0.1.jar:/home/maksim/.m2/repository/com/google/code/findbugs/jsr305/1.3.9/jsr305-1.3.9.jar:/home/maksim/.m2/repository/org/sonatype/sisu/sisu-guice/3.1.0/sisu-guice-3.1.0-no_aop.jar:/home/maksim/.m2/repository/aopalliance/aopalliance/1.0/aopalliance-1.0.jar:/home/maksim/.m2/repository/org/eclipse/sisu/org.eclipse.sisu.inject/0.0.0.M5/org.eclipse.sisu.inject-0.0.0.M5.jar:/home/maksim/.m2/repository/org/apache/maven/doxia/doxia-sink-api/1.11.1/doxia-sink-api-1.11.1.jar:/home/maksim/.m2/repository/org/apache/maven/doxia/doxia-logging-api/1.11.1/doxia-logging-api-1.11.1.jar:/home/maksim/.m2/repository/org/apache/maven/doxia/doxia-site-renderer/1.11.1/doxia-site-renderer-1.11.1.jar:/home/maksim/.m2/repository/org/apache/maven/doxia/doxia-core/1.11.1/doxia-core-1.11.1.jar:/home/maksim/.m2/repository/org/apache/maven/doxia/doxia-decoration-model/1.11.1/doxia-decoration-model-1.11.1.jar:/home/maksim/.m2/repository/org/apache/maven/doxia/doxia-skin-model/1.11.1/doxia-skin-model-1.11.1.jar:/home/maksim/.m2/repository/org/apache/maven/doxia/doxia-module-xhtml/1.11.1/doxia-module-xhtml-1.11.1.jar:/home/maksim/.m2/repository/org/apache/maven/doxia/doxia-module-xhtml5/1.11.1/doxia-module-xhtml5-1.11.1.jar:/home/maksim/.m2/repository/org/codehaus/plexus/plexus-component-annotations/2.0.0/plexus-component-annotations-2.0.0.jar:/home/maksim/.m2/repository/org/codehaus/plexus/plexus-i18n/1.0-beta-10/plexus-i18n-1.0-beta-10.jar:/home/maksim/.m2/repository/org/codehaus/plexus/plexus-container-default/1.0-alpha-30/plexus-container-default-1.0-alpha-30.jar:/home/maksim/.m2/repository/junit/junit/3.8.1/junit-3.8.1.jar:/home/maksim/.m2/repository/org/codehaus/plexus/plexus-velocity/1.2/plexus-velocity-1.2.jar:/home/maksim/.m2/repository/org/apache/velocity/velocity/1.7/velocity-1.7.jar:/home/maksim/.m2/repository/commons-lang/commons-lang/2.4/commons-lang-2.4.jar:/home/maksim/.m2/repository/org/apache/maven/wagon/wagon-provider-api/2.4/wagon-provider-api-2.4.jar:/home/maksim/.m2/repository/org/apache/httpcomponents/httpclient/4.5.14/httpclient-4.5.14.jar:/home/maksim/.m2/repository/commons-codec/commons-codec/1.11/commons-codec-1.11.jar:/home/maksim/.m2/repository/org/apache/httpcomponents/httpcore/4.4.16/httpcore-4.4.16.jar:/home/maksim/.m2/repository/com/thoughtworks/qdox/qdox/2.0.3/qdox-2.0.3.jar:/home/maksim/.m2/repository/org/codehaus/plexus/plexus-java/1.2.0/plexus-java-1.2.0.jar:/home/maksim/.m2/repository/org/ow2/asm/asm/9.6/asm-9.6.jar:/home/maksim/.m2/repository/org/codehaus/plexus/plexus-utils/4.0.0/plexus-utils-4.0.0.jar:/home/maksim/.m2/repository/org/codehaus/plexus/plexus-xml/3.0.0/plexus-xml-3.0.0.jar:/home/maksim/.m2/repository/org/codehaus/plexus/plexus-io/3.4.1/plexus-io-3.4.1.jar:/home/maksim/.m2/repository/org/codehaus/plexus/plexus-archiver/4.9.0/plexus-archiver-4.9.0.jar:/home/maksim/.m2/repository/org/apache/commons/commons-compress/1.24.0/commons-compress-1.24.0.jar:/home/maksim/.m2/repository/org/iq80/snappy/snappy/0.4/snappy-0.4.jar:/home/maksim/.m2/repository/org/tukaani/xz/1.9/xz-1.9.jar:/home/maksim/.m2/repository/com/github/luben/zstd-jni/1.5.5-10/zstd-jni-1.5.5-10.jar:/home/maksim/.m2/repository/org/codehaus/plexus/plexus-interactivity-api/1.1/plexus-interactivity-api-1.1.jar:"/>
    <property name="sun.cpu.endian" value="little"/>
    <property name="user.home" value="/home/maksim"/>
    <property name="user.language" value="ru"/>
    <property name="java.specification.vendor" value="Oracle Corporation"/>
    <property name="java.version.date" value="2024-01-16"/>
    <property name="java.home" value="/usr/lib/jvm/java-17-openjdk-amd64"/>
    <property name="file.separator" value="/"/>
    <property name="basedir" value="/home/maksim/NewStudies/AIS/building/buildingConstruction"/>
    <property name="java.vm.compressedOopsMode" value="32-bit"/>
    <property name="line.separator" value="&#10;"/>
    <property name="java.vm.specification.vendor" value="Oracle Corporation"/>
    <property name="java.specification.name" value="Java Platform API Specification"/>
    <property name="surefire.real.class.path" value="/home/maksim/NewStudies/AIS/building/buildingConstruction/target/surefire/surefirebooter10777171286402903947.jar"/>
    <property name="sun.management.compiler" value="HotSpot 64-Bit Tiered Compilers"/>
    <property name="java.runtime.version" value="17.0.10+7-Ubuntu-122.04.1"/>
    <property name="user.name" value="maksim"/>
    <property name="path.separator" value=":"/>
    <property name="os.version" value="6.5.0-21-generic"/>
    <property name="java.runtime.name" value="OpenJDK Runtime Environment"/>
    <property name="file.encoding" value="UTF-8"/>
    <property name="java.vm.name" value="OpenJDK 64-Bit Server VM"/>
    <property name="maven.ext.class.path" value="/usr/lib/apache-netbeans/java/maven-nblib/netbeans-eventspy.jar"/>
    <property name="localRepository" value="/home/maksim/.m2/repository"/>
    <property name="java.vendor.url.bug" value="Unknown"/>
    <property name="java.io.tmpdir" value="/tmp"/>
    <property name="java.version" value="17.0.10"/>
    <property name="user.dir" value="/home/maksim/NewStudies/AIS/building/buildingConstruction"/>
    <property name="os.arch" value="amd64"/>
    <property name="java.vm.specification.name" value="Java Virtual Machine Specification"/>
    <property name="native.encoding" value="UTF-8"/>
    <property name="java.library.path" value="/usr/java/packages/lib:/usr/lib/x86_64-linux-gnu/jni:/lib/x86_64-linux-gnu:/usr/lib/x86_64-linux-gnu:/usr/lib/jni:/lib:/usr/lib"/>
    <property name="java.vm.info" value="mixed mode, sharing"/>
    <property name="java.vendor" value="Private Build"/>
    <property name="java.vm.version" value="17.0.10+7-Ubuntu-122.04.1"/>
    <property name="sun.io.unicode.encoding" value="UnicodeLittle"/>
    <property name="java.class.version" value="61.0"/>
  </properties>
  <testcase name="testGetGarageNegative" classname="ru.sfedu.buildingconstruction.api.DataProviderXMLTest" time="0.327"/>
  <testcase name="testUpdateClientNegative" classname="ru.sfedu.buildingconstruction.api.DataProviderXMLTest" time="0.032"/>
  <testcase name="testDeleteGaragePositive" classname="ru.sfedu.buildingconstruction.api.DataProviderXMLTest" time="0.675"/>
  <testcase name="calculationCostOfMaterialsPositive" classname="ru.sfedu.buildingconstruction.api.DataProviderXMLTest" time="0.057"/>
  <testcase name="testUpdateApartmentHouseToAnExistingRecord" classname="ru.sfedu.buildingconstruction.api.DataProviderXMLTest" time="0.337"/>
  <testcase name="testUpdateMaterialToAnExistingRecord" classname="ru.sfedu.buildingconstruction.api.DataProviderXMLTest" time="0.182"/>
  <testcase name="testDeleteGarageNegative" classname="ru.sfedu.buildingconstruction.api.DataProviderXMLTest" time="0.083"/>
  <testcase name="testAddConstructionEquipmentPositive" classname="ru.sfedu.buildingconstruction.api.DataProviderXMLTest" time="0.107"/>
  <testcase name="calculationCostOfMaterialsNegative" classname="ru.sfedu.buildingconstruction.api.DataProviderXMLTest" time="0.007"/>
  <testcase name="testUpdateApartmentHousePositive" classname="ru.sfedu.buildingconstruction.api.DataProviderXMLTest" time="0.675"/>
  <testcase name="testAddApartmentHousePositive" classname="ru.sfedu.buildingconstruction.api.DataProviderXMLTest" time="0.311"/>
  <testcase name="calculationCostOfConstructionEquipmentPositive" classname="ru.sfedu.buildingconstruction.api.DataProviderXMLTest" time="0.042"/>
  <testcase name="testGetMaterialPositive" classname="ru.sfedu.buildingconstruction.api.DataProviderXMLTest" time="0.043"/>
  <testcase name="testAddConstructionEquipmentNegative" classname="ru.sfedu.buildingconstruction.api.DataProviderXMLTest" time="0.079"/>
  <testcase name="testUpdateApartmentHouseNegative" classname="ru.sfedu.buildingconstruction.api.DataProviderXMLTest" time="0.203"/>
  <testcase name="distributionOfConstructionEquipmentPositive" classname="ru.sfedu.buildingconstruction.api.DataProviderXMLTest" time="0.317"/>
  <testcase name="testGetClientPositive" classname="ru.sfedu.buildingconstruction.api.DataProviderXMLTest" time="0.076"/>
  <testcase name="testAddApartmentHouseNegative" classname="ru.sfedu.buildingconstruction.api.DataProviderXMLTest" time="0.648"/>
  <testcase name="testUpdateConstructionEquipmentToAnExistingRecord" classname="ru.sfedu.buildingconstruction.api.DataProviderXMLTest" time="0.126"/>
  <testcase name="calculationCostOfConstructionEquipmentNegative" classname="ru.sfedu.buildingconstruction.api.DataProviderXMLTest" time="0.003"/>
  <testcase name="testGetMaterialNegative" classname="ru.sfedu.buildingconstruction.api.DataProviderXMLTest" time="0.066"/>
  <testcase name="distributionOfConstructionEquipmentNegative" classname="ru.sfedu.buildingconstruction.api.DataProviderXMLTest" time="0.013"/>
  <testcase name="testGetClientNegative" classname="ru.sfedu.buildingconstruction.api.DataProviderXMLTest" time="0.058"/>
  <testcase name="testDeleteClientPositive" classname="ru.sfedu.buildingconstruction.api.DataProviderXMLTest" time="0.101"/>
  <testcase name="testAddWorkerPositive" classname="ru.sfedu.buildingconstruction.api.DataProviderXMLTest" time="0.059"/>
  <testcase name="testDeleteBuildingNegative" classname="ru.sfedu.buildingconstruction.api.DataProviderXMLTest" time="0.005"/>
  <testcase name="testDeleteClientNegative" classname="ru.sfedu.buildingconstruction.api.DataProviderXMLTest" time="0.012"/>
  <testcase name="testGetAllWorkerRecordsPositive" classname="ru.sfedu.buildingconstruction.api.DataProviderXMLTest" time="0.166"/>
  <testcase name="testUpdateBuildingNegative" classname="ru.sfedu.buildingconstruction.api.DataProviderXMLTest" time="0.005"/>
  <testcase name="testAddWorkerNegative" classname="ru.sfedu.buildingconstruction.api.DataProviderXMLTest" time="0.079"/>
  <testcase name="testGetAllWorkerRecordsNegative" classname="ru.sfedu.buildingconstruction.api.DataProviderXMLTest" time="0.011"/>
  <testcase name="testGetAllGarageRecordsPositive" classname="ru.sfedu.buildingconstruction.api.DataProviderXMLTest" time="0.308"/>
  <testcase name="testGetAllMaterialRecordsPositive" classname="ru.sfedu.buildingconstruction.api.DataProviderXMLTest" time="0.205"/>
  <testcase name="calculationCostOfJobPositive" classname="ru.sfedu.buildingconstruction.api.DataProviderXMLTest" time="0.056"/>
  <testcase name="testGetAllClientRecordsPositive" classname="ru.sfedu.buildingconstruction.api.DataProviderXMLTest" time="0.122"/>
  <testcase name="testGetAllGarageRecordsNegative" classname="ru.sfedu.buildingconstruction.api.DataProviderXMLTest" time="0.007"/>
  <testcase name="testGetAllMaterialRecordsNegative" classname="ru.sfedu.buildingconstruction.api.DataProviderXMLTest" time="0.009"/>
  <testcase name="calculationCostOfJobNegative" classname="ru.sfedu.buildingconstruction.api.DataProviderXMLTest" time="0.003"/>
  <testcase name="testDeleteConstructionEquipmentPositive" classname="ru.sfedu.buildingconstruction.api.DataProviderXMLTest" time="0.063"/>
  <testcase name="preparationOfConstructionPlanPositive" classname="ru.sfedu.buildingconstruction.api.DataProviderXMLTest" time="0.496"/>
  <testcase name="testGetAllClientRecordsNegative" classname="ru.sfedu.buildingconstruction.api.DataProviderXMLTest" time="0.009"/>
  <testcase name="testGetAllConstructionEquipmentsRecordsNegative" classname="ru.sfedu.buildingconstruction.api.DataProviderXMLTest" time="0.01"/>
  <testcase name="testDeleteConstructionEquipmentNegative" classname="ru.sfedu.buildingconstruction.api.DataProviderXMLTest" time="0.012"/>
  <testcase name="preparationOfConstructionPlanNegative" classname="ru.sfedu.buildingconstruction.api.DataProviderXMLTest" time="0.003"/>
  <testcase name="testGetBuildingNegative" classname="ru.sfedu.buildingconstruction.api.DataProviderXMLTest" time="0.003"/>
  <testcase name="testGetAllConstructionEquipmentRecordsPositive" classname="ru.sfedu.buildingconstruction.api.DataProviderXMLTest" time="0.141"/>
  <testcase name="testGetAllHouseRecordsPositive" classname="ru.sfedu.buildingconstruction.api.DataProviderXMLTest" time="0.251"/>
  <testcase name="testGetConstructionEquipmentNegative" classname="ru.sfedu.buildingconstruction.api.DataProviderXMLTest" time="0.055"/>
  <testcase name="testUpdateWorkerPositive" classname="ru.sfedu.buildingconstruction.api.DataProviderXMLTest" time="0.073"/>
  <testcase name="testGetAllHouseRecordsNegative" classname="ru.sfedu.buildingconstruction.api.DataProviderXMLTest" time="0.006"/>
  <testcase name="testGetConstructionEquiomentPositive" classname="ru.sfedu.buildingconstruction.api.DataProviderXMLTest" time="0.06"/>
  <testcase name="distributionOfWorkersPositive" classname="ru.sfedu.buildingconstruction.api.DataProviderXMLTest" time="0.235"/>
  <testcase name="selectionOfMaterialsPositive" classname="ru.sfedu.buildingconstruction.api.DataProviderXMLTest" time="0.076"/>
  <testcase name="testAddMaterialPositive" classname="ru.sfedu.buildingconstruction.api.DataProviderXMLTest" time="0.036"/>
  <testcase name="testUpdateWorkerNegative" classname="ru.sfedu.buildingconstruction.api.DataProviderXMLTest" time="0.01"/>
  <testcase name="distributionOfWorkersNegative" classname="ru.sfedu.buildingconstruction.api.DataProviderXMLTest" time="0.006"/>
  <testcase name="selectionOfMaterialsNegative" classname="ru.sfedu.buildingconstruction.api.DataProviderXMLTest" time="0.011"/>
  <testcase name="testAddMaterialNegative" classname="ru.sfedu.buildingconstruction.api.DataProviderXMLTest" time="0.064"/>
  <testcase name="testGetWorkerPositive" classname="ru.sfedu.buildingconstruction.api.DataProviderXMLTest" time="0.042"/>
  <testcase name="testGetAllApartmentHouseRecordsPositive" classname="ru.sfedu.buildingconstruction.api.DataProviderXMLTest" time="0.2"/>
  <testcase name="testAddGaragePositive" classname="ru.sfedu.buildingconstruction.api.DataProviderXMLTest" time="0.264"/>
  <testcase name="testUpdateWorkerToAnExistingRecord" classname="ru.sfedu.buildingconstruction.api.DataProviderXMLTest" time="0.104"/>
  <testcase name="testGetWorkerNegative" classname="ru.sfedu.buildingconstruction.api.DataProviderXMLTest" time="0.051"/>
  <testcase name="testDeleteWorkerPositive" classname="ru.sfedu.buildingconstruction.api.DataProviderXMLTest" time="0.079"/>
  <testcase name="testGetAllApartmentHouseRecordsNegative" classname="ru.sfedu.buildingconstruction.api.DataProviderXMLTest" time="0.014"/>
  <testcase name="testAddGarageNegative" classname="ru.sfedu.buildingconstruction.api.DataProviderXMLTest" time="0.404"/>
  <testcase name="testDeleteWorkerNegative" classname="ru.sfedu.buildingconstruction.api.DataProviderXMLTest" time="0.014"/>
  <testcase name="testUpdateHouseToAnExistingRecord" classname="ru.sfedu.buildingconstruction.api.DataProviderXMLTest" time="0.367"/>
  <testcase name="testUpdateGarageToAnExistingRecord" classname="ru.sfedu.buildingconstruction.api.DataProviderXMLTest" time="0.806"/>
  <testcase name="testUpdateConstructionEquipmentPositive" classname="ru.sfedu.buildingconstruction.api.DataProviderXMLTest" time="0.103"/>
  <testcase name="testGetHousePositive" classname="ru.sfedu.buildingconstruction.api.DataProviderXMLTest" time="0.385"/>
  <testcase name="testAddClientPositive" classname="ru.sfedu.buildingconstruction.api.DataProviderXMLTest" time="0.048"/>
  <testcase name="testUpdateConstructionEquipmentNegative" classname="ru.sfedu.buildingconstruction.api.DataProviderXMLTest" time="0.009"/>
  <testcase name="testDeleteApartmentHousePositive" classname="ru.sfedu.buildingconstruction.api.DataProviderXMLTest" time="0.398"/>
  <testcase name="testDeleteHousePositive" classname="ru.sfedu.buildingconstruction.api.DataProviderXMLTest" time="0.759"/>
  <testcase name="testAddBuildingNegative" classname="ru.sfedu.buildingconstruction.api.DataProviderXMLTest" time="0.003"/>
  <testcase name="coordinationOfConstructionTermsPositive" classname="ru.sfedu.buildingconstruction.api.DataProviderXMLTest" time="0.007"/>
  <testcase name="testGetHouseNegative" classname="ru.sfedu.buildingconstruction.api.DataProviderXMLTest" time="0.323"/>
  <testcase name="testAddClientNegative" classname="ru.sfedu.buildingconstruction.api.DataProviderXMLTest" time="0.046"/>
  <testcase name="calculationOfTheTotalCostPositive" classname="ru.sfedu.buildingconstruction.api.DataProviderXMLTest" time="0.083"/>
  <testcase name="testUpdateClientToAnExistingRecord" classname="ru.sfedu.buildingconstruction.api.DataProviderXMLTest" time="0.088"/>
  <testcase name="testDeleteApartmentHouseNegative" classname="ru.sfedu.buildingconstruction.api.DataProviderXMLTest" time="0.065"/>
  <testcase name="testDeleteHouseNegative" classname="ru.sfedu.buildingconstruction.api.DataProviderXMLTest" time="0.199"/>
  <testcase name="coordinationOfConstructionTermsNegative" classname="ru.sfedu.buildingconstruction.api.DataProviderXMLTest" time="0.002"/>
  <testcase name="testUpdateHousePositive" classname="ru.sfedu.buildingconstruction.api.DataProviderXMLTest" time="0.706"/>
  <testcase name="testGetApartmentHousePositive" classname="ru.sfedu.buildingconstruction.api.DataProviderXMLTest" time="0.167"/>
  <testcase name="calculationOfTheTotalCostNegative" classname="ru.sfedu.buildingconstruction.api.DataProviderXMLTest" time="0.002"/>
  <testcase name="selectionOfEngineeringSystemsPositive" classname="ru.sfedu.buildingconstruction.api.DataProviderXMLTest" time="0.004"/>
  <testcase name="testUpdateGaragePositive" classname="ru.sfedu.buildingconstruction.api.DataProviderXMLTest" time="0.604"/>
  <testcase name="testUpdateHouseNegative" classname="ru.sfedu.buildingconstruction.api.DataProviderXMLTest" time="0.186"/>
  <testcase name="testGetApartmentHouseNegative" classname="ru.sfedu.buildingconstruction.api.DataProviderXMLTest" time="0.253"/>
  <testcase name="selectionOfEngineeringSystemsNegative" classname="ru.sfedu.buildingconstruction.api.DataProviderXMLTest" time="0.003"/>
  <testcase name="testUpdateGarageNegative" classname="ru.sfedu.buildingconstruction.api.DataProviderXMLTest" time="0.225"/>
  <testcase name="preparationForBuildingPositive" classname="ru.sfedu.buildingconstruction.api.DataProviderXMLTest" time="0.608"/>
  <testcase name="testDeleteMaterialPositive" classname="ru.sfedu.buildingconstruction.api.DataProviderXMLTest" time="0.065"/>
  <testcase name="preparationForBuildingNegative" classname="ru.sfedu.buildingconstruction.api.DataProviderXMLTest" time="0.022"/>
  <testcase name="testUpdateMaterialPositive" classname="ru.sfedu.buildingconstruction.api.DataProviderXMLTest" time="0.088"/>
  <testcase name="testAddHousePositive" classname="ru.sfedu.buildingconstruction.api.DataProviderXMLTest" time="0.516"/>
  <testcase name="testDeleteMaterialNegative" classname="ru.sfedu.buildingconstruction.api.DataProviderXMLTest" time="0.009"/>
  <testcase name="testGetGaragePositive" classname="ru.sfedu.buildingconstruction.api.DataProviderXMLTest" time="0.455"/>
  <testcase name="testUpdateClientPositive" classname="ru.sfedu.buildingconstruction.api.DataProviderXMLTest" time="0.066"/>
  <testcase name="testUpdateMaterialNegative" classname="ru.sfedu.buildingconstruction.api.DataProviderXMLTest" time="0.009"/>
  <testcase name="testAddHouseNegative" classname="ru.sfedu.buildingconstruction.api.DataProviderXMLTest" time="0.464"/>
</testsuite>